<?xml version="1.0" encoding="UTF-8"?>
<!-- Generated by org.testng.reporters.JUnitReportReporter -->
<testsuite hostname="Vinod-Acer" failures="0" tests="1" name="testScripts.TestScreenshot" time="14.367" errors="0" timestamp="2022-08-28T14:23:29 IST" skipped="0">
  <testcase classname="testScripts.TestScreenshot" name="verifyCaptureScreen" time="14.367"/>
  <system-out>
    <![CDATA[<a href='E:\Eclipse workspace's\Deepfreeze\src\main\resources\Screenshots\youtube_28_23_2022_02_23_23.png'><img src='E:\Eclipse workspace's\Deepfreeze\src\main\resources\Screenshots\youtube_28_23_2022_02_23_23.png'height=100 width=100 /></a>]]>
  </system-out>
</testsuite> <!-- testScripts.TestScreenshot -->
