<?xml version="1.0" encoding="UTF-8"?>
<!-- Generated by org.testng.reporters.JUnitReportReporter -->
<testsuite hostname="Vinod-Acer" failures="0" tests="1" name="testScripts.HomePageTest" time="15.700" errors="0" timestamp="2023-04-01T15:16:35 IST" skipped="0">
  <testcase classname="testScripts.HomePageTest" name="testHomePage" time="15.700"/>
  <system-out>
    <![CDATA[<a href='E:\Eclipse workspace's\Deepfreeze\src\main\resources\Screenshots\blank_01_15_2023_03_15_38.png'><img src='E:\Eclipse workspace's\Deepfreeze\src\main\resources\Screenshots\blank_01_15_2023_03_15_38.png'height=100 width=100 /></a>]]>
  </system-out>
</testsuite> <!-- testScripts.HomePageTest -->
