<?xml version="1.0" encoding="UTF-8"?>
<!-- Generated by org.testng.reporters.JUnitReportReporter -->
<testsuite hostname="Vinod-Acer" failures="0" tests="1" name="testScripts.ComputerPageTest" time="21.881" errors="0" timestamp="2023-05-08T14:18:11 IST" skipped="0">
  <testcase classname="testScripts.ComputerPageTest" name="VerifyComputerPage" time="21.881"/>
  <system-out>
    <![CDATA[<a href='E:\Eclipse workspace's\Deepfreeze\src\main\resources\Screenshots\blank_08_17_2023_02_17_51.png'><img src='E:\Eclipse workspace's\Deepfreeze\src\main\resources\Screenshots\blank_08_17_2023_02_17_51.png'height=100 width=100 /></a>
<a href='E:\Eclipse workspace's\Deepfreeze\src\main\resources\Screenshots\blank_08_18_2023_02_18_10.png'><img src='E:\Eclipse workspace's\Deepfreeze\src\main\resources\Screenshots\blank_08_18_2023_02_18_10.png'height=100 width=100 /></a>]]>
  </system-out>
</testsuite> <!-- testScripts.ComputerPageTest -->
